INFO	2021-09-21 18:18:30,365	0	com.transfer.MoneyC2C.service.TransferService	[http-nio-5500-exec-1]	Operation{cardFromNumber='1111222233334444', cardFromCVV='555', cardFromValidTill='05/25', cardToNumber='1111111111111111', amount=Amount{value=500000, currency='RUR'}, operationId='1', code='0000', comission=5000.0}
INFO	2021-09-21 18:18:30,388	23	com.transfer.MoneyC2C.service.TransferService	[http-nio-5500-exec-2]	Operation confirmed {operationId=1}
INFO	2021-09-21 18:19:02,498	32133	com.transfer.MoneyC2C.service.TransferService	[http-nio-5500-exec-4]	Operation{cardFromNumber='1111111111111111', cardFromCVV='545', cardFromValidTill='07/28', cardToNumber='1112223468907655', amount=Amount{value=107500, currency='RUR'}, operationId='2', code='0000', comission=1075.0}
INFO	2021-09-21 18:19:02,505	32140	com.transfer.MoneyC2C.service.TransferService	[http-nio-5500-exec-5]	Operation confirmed {operationId=2}
ERROR	2021-09-21 18:29:42,366	0	com.transfer.MoneyC2C.controller.TransferController	[http-nio-5500-exec-1]	Validation failed for argument [0] in public java.lang.String com.transfer.MoneyC2C.controller.TransferController.transferMoney(com.transfer.MoneyC2C.model.Operation): [Field error in object 'operation' on field 'cardFromCVV': rejected value [5557]; codes [Pattern.operation.cardFromCVV,Pattern.cardFromCVV,Pattern.java.lang.String,Pattern]; arguments [org.springframework.context.support.DefaultMessageSourceResolvable: codes [operation.cardFromCVV,cardFromCVV]; arguments []; default message [cardFromCVV],[Ljavax.validation.constraints.Pattern$Flag;@6e7eaac0,^[0-9]{3}$]; default message [Invalid CVV number]] 
ERROR	2021-09-21 20:42:45,002	0	com.transfer.MoneyC2C.controller.TransferController	[http-nio-5500-exec-1]	Validation failed for argument [0] in public java.lang.String com.transfer.MoneyC2C.controller.TransferController.transferMoney(com.transfer.MoneyC2C.model.Operation): [Field error in object 'operation' on field 'cardFromCVV': rejected value [5557]; codes [Pattern.operation.cardFromCVV,Pattern.cardFromCVV,Pattern.java.lang.String,Pattern]; arguments [org.springframework.context.support.DefaultMessageSourceResolvable: codes [operation.cardFromCVV,cardFromCVV]; arguments []; default message [cardFromCVV],[Ljavax.validation.constraints.Pattern$Flag;@3fce627a,^[0-9]{3}$]; default message [Invalid CVV number]] 
ERROR	2021-09-21 20:42:45,003	1	com.transfer.MoneyC2C.controller.TransferController	[http-nio-5500-exec-1]	Error {"message" : "Error input data: Validation failed for argument [0] in public java.lang.String com.transfer.MoneyC2C.controller.TransferController.transferMoney(com.transfer.MoneyC2C.model.Operation): [Field error in object 'operation' on field 'cardFromCVV': rejected value [5557]; codes [Pattern.operation.cardFromCVV,Pattern.cardFromCVV,Pattern.java.lang.String,Pattern]; arguments [org.springframework.context.support.DefaultMessageSourceResolvable: codes [operation.cardFromCVV,cardFromCVV]; arguments []; default message [cardFromCVV],[Ljavax.validation.constraints.Pattern$Flag;@3fce627a,^[0-9]{3}$]; default message [Invalid CVV number]] ","id" : 1}
ERROR	2021-09-21 21:27:26,465	0	com.transfer.MoneyC2C.controller.TransferController	[http-nio-5500-exec-1]	Validation failed for argument [0] in public java.lang.String com.transfer.MoneyC2C.controller.TransferController.transferMoney(com.transfer.MoneyC2C.model.Operation): [Field error in object 'operation' on field 'cardFromCVV': rejected value [5557]; codes [Pattern.operation.cardFromCVV,Pattern.cardFromCVV,Pattern.java.lang.String,Pattern]; arguments [org.springframework.context.support.DefaultMessageSourceResolvable: codes [operation.cardFromCVV,cardFromCVV]; arguments []; default message [cardFromCVV],[Ljavax.validation.constraints.Pattern$Flag;@4125001b,^[0-9]{3}$]; default message [Invalid CVV number]] 
ERROR	2021-09-21 21:27:26,466	1	com.transfer.MoneyC2C.controller.TransferController	[http-nio-5500-exec-1]	Error {"message" : "Error input data: Validation failed for argument [0] in public java.lang.String com.transfer.MoneyC2C.controller.TransferController.transferMoney(com.transfer.MoneyC2C.model.Operation): [Field error in object 'operation' on field 'cardFromCVV': rejected value [5557]; codes [Pattern.operation.cardFromCVV,Pattern.cardFromCVV,Pattern.java.lang.String,Pattern]; arguments [org.springframework.context.support.DefaultMessageSourceResolvable: codes [operation.cardFromCVV,cardFromCVV]; arguments []; default message [cardFromCVV],[Ljavax.validation.constraints.Pattern$Flag;@4125001b,^[0-9]{3}$]; default message [Invalid CVV number]] ","id" : 1}
ERROR	2021-09-21 21:27:40,720	14255	com.transfer.MoneyC2C.controller.TransferController	[http-nio-5500-exec-2]	Error {"message" : "Error input data: Card 1111222233334444 expired","id" : 2}
ERROR	2021-09-21 21:28:07,233	40768	com.transfer.MoneyC2C.controller.TransferController	[http-nio-5500-exec-3]	Error {"message" : "Error input data: Card 1111222233334444 expired","id" : 3}
ERROR	2021-09-21 21:28:14,416	47951	com.transfer.MoneyC2C.controller.TransferController	[http-nio-5500-exec-4]	Error {"message" : "Error input data: Card 1111222233334444 expired","id" : 4}
ERROR	2021-09-21 21:28:29,173	62708	com.transfer.MoneyC2C.controller.TransferController	[http-nio-5500-exec-5]	Error {"message" : "Error input data: Card 1111222233334444 expired","id" : 5}
ERROR	2021-09-21 21:29:45,726	0	com.transfer.MoneyC2C.controller.TransferController	[http-nio-5500-exec-1]	Error {"message" : "Error input data: Card 1111222233334444 expired","id" : 1}
ERROR	2021-09-21 21:31:28,136	0	com.transfer.MoneyC2C.controller.TransferController	[http-nio-5500-exec-1]	Error {"message" : "Error input data: Card 1111222233334444 expired","id" : 1}
ERROR	2021-09-21 21:33:51,777	0	com.transfer.MoneyC2C.controller.TransferController	[http-nio-5500-exec-1]	Error {"message" : "Error input data: Can't transfer money from card 1111222233334444","id" : 1}
ERROR	2021-09-21 21:34:55,928	64151	com.transfer.MoneyC2C.controller.TransferController	[http-nio-5500-exec-2]	Error {"message" : "Error input data: Can't transfer money from card 1111222233334444","id" : 2}
ERROR	2021-09-21 21:35:02,140	70363	com.transfer.MoneyC2C.controller.TransferController	[http-nio-5500-exec-3]	Error {"message" : "Error input data: Can't transfer money from card 1111222233334444","id" : 3}
ERROR	2021-09-21 21:35:06,726	74949	com.transfer.MoneyC2C.controller.TransferController	[http-nio-5500-exec-4]	Error {"message" : "Error input data: Can't transfer money from card 1111222233334444","id" : 4}
ERROR	2021-09-21 21:35:12,184	80407	com.transfer.MoneyC2C.controller.TransferController	[http-nio-5500-exec-5]	Error {"message" : "Error input data: Can't transfer money from card 1111222233334444","id" : 5}
ERROR	2021-09-21 21:35:46,279	0	com.transfer.MoneyC2C.controller.TransferController	[http-nio-5500-exec-1]	Error {"message" : "Error input data: Can't transfer money from card 1111222233334444","id" : 1}
ERROR	2021-09-21 21:41:30,500	0	com.transfer.MoneyC2C.controller.TransferController	[http-nio-5500-exec-1]	Error {"message" : "Error input data: Card 1111222233334444 expired","id" : 1}
ERROR	2021-09-21 21:41:37,781	7281	com.transfer.MoneyC2C.controller.TransferController	[http-nio-5500-exec-2]	Error {"message" : "Error input data: Card 1111222233334444 expired","id" : 2}
ERROR	2021-09-21 21:41:43,274	12774	com.transfer.MoneyC2C.controller.TransferController	[http-nio-5500-exec-3]	Error {"message" : "Error input data: Can't transfer money from card 1111222233334444","id" : 3}
ERROR	2021-09-21 21:41:52,055	21555	com.transfer.MoneyC2C.controller.TransferController	[http-nio-5500-exec-4]	Error {"message" : "Error input data: Card 1111222233334444 expired","id" : 4}
ERROR	2021-09-21 21:50:44,710	0	com.transfer.MoneyC2C.controller.TransferController	[http-nio-5500-exec-5]	Error {"message" : "Error input data: Card 1111222233334444 expired or invalid format of date provided","id" : 1}
INFO	2021-09-21 21:50:57,042	12332	com.transfer.MoneyC2C.service.TransferService	[http-nio-5500-exec-6]	Operation {cardFromNumber='1111222233334444', cardFromCVV='555', cardFromValidTill='05/25', cardToNumber='1233444455556666', amount=Amount{value=2300, currency='RUR'}, operationId='2', code='0000', comission=23.0}
INFO	2021-09-21 21:52:38,884	0	com.transfer.MoneyC2C.service.TransferService	[http-nio-5500-exec-1]	Operation {cardFromNumber='1111222233334444', cardFromCVV='555', cardFromValidTill='05/25', cardToNumber='1233444455556666', amount=Amount{value=2300, currency='RUR'}, operationId='1', code='0000', comission=23.0}
INFO	2021-09-21 21:53:27,758	48874	com.transfer.MoneyC2C.service.TransferService	[http-nio-5500-exec-6]	Operation {cardFromNumber='1111222233334444', cardFromCVV='555', cardFromValidTill='05/25', cardToNumber='1111111111111111', amount=Amount{value=32300, currency='RUR'}, operationId='2', code='0000', comission=323.0}
ERROR	2021-09-21 21:53:27,783	48899	com.transfer.MoneyC2C.controller.TransferController	[http-nio-5500-exec-8]	Validation failed for argument [0] in public java.lang.String com.transfer.MoneyC2C.controller.TransferController.confirmOperation(com.transfer.MoneyC2C.model.ConfirmationEntity): [Field error in object 'confirmationEntity' on field 'code': rejected value [0000]; codes [Pattern.confirmationEntity.code,Pattern.code,Pattern.java.lang.String,Pattern]; arguments [org.springframework.context.support.DefaultMessageSourceResolvable: codes [confirmationEntity.code,code]; arguments []; default message [code],[Ljavax.validation.constraints.Pattern$Flag;@1113a031,^[0-9]{3}$]; default message [Invalid confirmation code]] 
ERROR	2021-09-21 21:53:27,783	48899	com.transfer.MoneyC2C.controller.TransferController	[http-nio-5500-exec-8]	Error {"message" : "Error input data: Validation failed for argument [0] in public java.lang.String com.transfer.MoneyC2C.controller.TransferController.confirmOperation(com.transfer.MoneyC2C.model.ConfirmationEntity): [Field error in object 'confirmationEntity' on field 'code': rejected value [0000]; codes [Pattern.confirmationEntity.code,Pattern.code,Pattern.java.lang.String,Pattern]; arguments [org.springframework.context.support.DefaultMessageSourceResolvable: codes [confirmationEntity.code,code]; arguments []; default message [code],[Ljavax.validation.constraints.Pattern$Flag;@1113a031,^[0-9]{3}$]; default message [Invalid confirmation code]] ","id" : 1}
INFO	2021-09-21 21:53:52,691	73807	com.transfer.MoneyC2C.service.TransferService	[http-nio-5500-exec-9]	Operation {cardFromNumber='1111222233334444', cardFromCVV='555', cardFromValidTill='05/25', cardToNumber='1111111111111111', amount=Amount{value=32300, currency='RUR'}, operationId='3', code='0000', comission=323.0}
ERROR	2021-09-21 21:53:52,697	73813	com.transfer.MoneyC2C.controller.TransferController	[http-nio-5500-exec-10]	Validation failed for argument [0] in public java.lang.String com.transfer.MoneyC2C.controller.TransferController.confirmOperation(com.transfer.MoneyC2C.model.ConfirmationEntity): [Field error in object 'confirmationEntity' on field 'code': rejected value [0000]; codes [Pattern.confirmationEntity.code,Pattern.code,Pattern.java.lang.String,Pattern]; arguments [org.springframework.context.support.DefaultMessageSourceResolvable: codes [confirmationEntity.code,code]; arguments []; default message [code],[Ljavax.validation.constraints.Pattern$Flag;@1113a031,^[0-9]{3}$]; default message [Invalid confirmation code]] 
ERROR	2021-09-21 21:53:52,698	73814	com.transfer.MoneyC2C.controller.TransferController	[http-nio-5500-exec-10]	Error {"message" : "Error input data: Validation failed for argument [0] in public java.lang.String com.transfer.MoneyC2C.controller.TransferController.confirmOperation(com.transfer.MoneyC2C.model.ConfirmationEntity): [Field error in object 'confirmationEntity' on field 'code': rejected value [0000]; codes [Pattern.confirmationEntity.code,Pattern.code,Pattern.java.lang.String,Pattern]; arguments [org.springframework.context.support.DefaultMessageSourceResolvable: codes [confirmationEntity.code,code]; arguments []; default message [code],[Ljavax.validation.constraints.Pattern$Flag;@1113a031,^[0-9]{3}$]; default message [Invalid confirmation code]] ","id" : 2}
INFO	2021-09-21 21:54:40,313	0	com.transfer.MoneyC2C.service.TransferService	[http-nio-5500-exec-1]	Operation {cardFromNumber='1111222233334444', cardFromCVV='555', cardFromValidTill='05/25', cardToNumber='1111111111111111', amount=Amount{value=32300, currency='RUR'}, operationId='1', code='0000', comission=323.0}
INFO	2021-09-21 21:54:40,332	19	com.transfer.MoneyC2C.service.TransferService	[http-nio-5500-exec-2]	Operation confirmed {operationId=1}
INFO	2021-09-21 21:55:17,801	37488	com.transfer.MoneyC2C.service.TransferService	[http-nio-5500-exec-3]	Operation {cardFromNumber='1111222233334444', cardFromCVV='555', cardFromValidTill='05/25', cardToNumber='1233444455556666', amount=Amount{value=2300, currency='RUR'}, operationId='2', code='0000', comission=23.0}
INFO	2021-09-21 21:57:38,446	178133	com.transfer.MoneyC2C.service.TransferService	[http-nio-5500-exec-2]	Operation confirmed {operationId=2}
INFO	2021-09-24 12:13:43,925	0	com.transfer.MoneyC2C.service.TransferService	[main]	Operation {"cardFromNumber": "1111222233334444","cardToNumber": "1111111111111111","cardFromCVV": "555","cardFromValidTill": "05/25","amount": {"currency": "RUR","value": 560329}}
INFO	2021-09-24 12:15:57,231	0	com.transfer.MoneyC2C.service.TransferService	[main]	Operation {"cardFromNumber": "1111222233334444","cardToNumber": "1111111111111111","cardFromCVV": "555","cardFromValidTill": "05/25","amount": {"currency": "RUR","value": 499795}}
INFO	2021-09-24 12:16:56,530	0	com.transfer.MoneyC2C.service.TransferService	[main]	Operation {"cardFromNumber": "1111222233334444","cardToNumber": "1111111111111111","cardFromCVV": "555","cardFromValidTill": "05/25","amount": {"currency": "RUR","value": 969102}}
INFO	2021-09-24 12:18:15,327	0	com.transfer.MoneyC2C.service.TransferService	[main]	Operation {"cardFromNumber": "1111222233334444","cardToNumber": "1111111111111111","cardFromCVV": "555","cardFromValidTill": "05/25","amount": {"currency": "RUR","value": 345280}}
INFO	2021-09-24 12:18:39,625	0	com.transfer.MoneyC2C.service.TransferService	[main]	Operation {"cardFromNumber": "1111222233334444","cardToNumber": "1111111111111111","cardFromCVV": "555","cardFromValidTill": "05/25","amount": {"currency": "RUR","value": 899605}}
INFO	2021-09-24 12:22:11,252	0	com.transfer.MoneyC2C.service.TransferService	[main]	Operation {"cardFromNumber": "1111222233334444","cardToNumber": "1111111111111111","cardFromCVV": "555","cardFromValidTill": "05/25","amount": {"currency": "RUR","value": 791443}}
INFO	2021-09-24 12:46:46,960	0	com.transfer.MoneyC2C.service.TransferService	[main]	Operation {"cardFromNumber": "1111222233334444","cardToNumber": "1111111111111111","cardFromCVV": "555","cardFromValidTill": "05/25","amount": {"currency": "RUR","value": 590541}}
INFO	2021-09-24 12:46:46,975	15	com.transfer.MoneyC2C.service.TransferService	[main]	Operation {"cardFromNumber": "1111222233334444","cardToNumber": "1111111111111111","cardFromCVV": "555","cardFromValidTill": "05/25","amount": {"currency": "RUR","value": 151274}}
INFO	2021-09-25 21:30:07,064	0	com.transfer.MoneyC2C.service.TransferService	[main]	Operation {"cardFromNumber": "1111222233334444","cardToNumber": "1111111111111111","cardFromCVV": "555","cardFromValidTill": "05/25","amount": {"currency": "RUR","value": 297969}}
INFO	2021-09-25 21:30:07,080	16	com.transfer.MoneyC2C.service.TransferService	[main]	Operation {"cardFromNumber": "1111222233334444","cardToNumber": "1111111111111111","cardFromCVV": "555","cardFromValidTill": "05/25","amount": {"currency": "RUR","value": 230762}}
INFO	2021-09-25 22:21:25,124	0	com.transfer.MoneyC2C.service.TransferService	[main]	Operation {"cardFromNumber": "1111222233334444","cardToNumber": "1111111111111111","cardFromCVV": "555","cardFromValidTill": "05/25","amount": {"currency": "RUR","value": 131855}}
INFO	2021-09-25 22:21:25,148	24	com.transfer.MoneyC2C.service.TransferService	[main]	Operation {"cardFromNumber": "1111222233334444","cardToNumber": "1111111111111111","cardFromCVV": "555","cardFromValidTill": "05/25","amount": {"currency": "RUR","value": 605437}}
INFO	2021-09-25 22:25:44,435	0	com.transfer.MoneyC2C.service.TransferService	[main]	Operation confirmed {operationId=Repository result}
INFO	2021-09-25 22:38:45,173	0	com.transfer.MoneyC2C.service.TransferService	[main]	Operation confirmed {operationId=Repository result}
INFO	2021-09-25 22:38:45,183	10	com.transfer.MoneyC2C.service.TransferService	[main]	Operation {"cardFromNumber": "1111222233334444","cardToNumber": "1111111111111111","cardFromCVV": "555","cardFromValidTill": "05/25","amount": {"currency": "RUR","value": 41544}}
INFO	2021-09-25 22:38:45,185	12	com.transfer.MoneyC2C.service.TransferService	[main]	Operation {"cardFromNumber": "1111222233334444","cardToNumber": "1111111111111111","cardFromCVV": "555","cardFromValidTill": "05/25","amount": {"currency": "RUR","value": 362432}}
INFO	2021-09-25 22:44:32,097	0	com.transfer.MoneyC2C.service.TransferService	[main]	Operation {"cardFromNumber": "1111222233334444","cardToNumber": "1111111111111111","cardFromCVV": "555","cardFromValidTill": "05/25","amount": {"currency": "RUR","value": 903944}}
INFO	2021-09-25 22:45:22,710	0	com.transfer.MoneyC2C.service.TransferService	[main]	Operation {"cardFromNumber": "1111222233334444","cardToNumber": "1111111111111111","cardFromCVV": "555","cardFromValidTill": "05/25","amount": {"currency": "RUR","value": 989844}}
INFO	2021-09-25 22:46:51,604	0	com.transfer.MoneyC2C.service.TransferService	[main]	Operation confirmed {operationId=Repository result}
INFO	2021-09-25 22:54:16,839	0	com.transfer.MoneyC2C.service.TransferService	[main]	Operation confirmed {operationId=Repository result}
INFO	2021-09-25 22:54:16,845	6	com.transfer.MoneyC2C.service.TransferService	[main]	Operation {"cardFromNumber": "1111222233334444","cardToNumber": "1111111111111111","cardFromCVV": "555","cardFromValidTill": "05/25","amount": {"currency": "RUR","value": 858505}}
INFO	2021-09-25 22:54:16,851	12	com.transfer.MoneyC2C.service.TransferService	[main]	Operation {"cardFromNumber": "1111222233334444","cardToNumber": "1111111111111111","cardFromCVV": "555","cardFromValidTill": "05/25","amount": {"currency": "RUR","value": 551492}}
INFO	2021-09-25 22:54:33,211	0	com.transfer.MoneyC2C.service.TransferService	[main]	Operation confirmed {operationId=Repository result}
INFO	2021-09-25 22:54:33,225	14	com.transfer.MoneyC2C.service.TransferService	[main]	Operation {"cardFromNumber": "1111222233334444","cardToNumber": "1111111111111111","cardFromCVV": "555","cardFromValidTill": "05/25","amount": {"currency": "RUR","value": 962568}}
INFO	2021-09-25 22:58:53,205	0	com.transfer.MoneyC2C.service.TransferService	[main]	Operation {"cardFromNumber": "1111222233334444","cardToNumber": "1111111111111111","cardFromCVV": "555","cardFromValidTill": "05/25","amount": {"currency": "RUR","value": 120464}}
INFO	2021-09-25 22:59:02,287	1	com.transfer.MoneyC2C.service.TransferService	[main]	Operation confirmed {operationId=Repository result}
INFO	2021-09-25 22:59:02,291	5	com.transfer.MoneyC2C.service.TransferService	[main]	Operation {"cardFromNumber": "1111222233334444","cardToNumber": "1111111111111111","cardFromCVV": "555","cardFromValidTill": "05/25","amount": {"currency": "RUR","value": 771371}}
INFO	2021-09-25 23:02:00,922	0	com.transfer.MoneyC2C.service.TransferService	[main]	Operation {"cardFromNumber": "1111222233334444","cardToNumber": "1111111111111111","cardFromCVV": "555","cardFromValidTill": "05/25","amount": {"currency": "RUR","value": 524455}}
INFO	2021-09-25 23:02:16,007	0	com.transfer.MoneyC2C.service.TransferService	[main]	Operation {"cardFromNumber": "1111222233334444","cardToNumber": "1111111111111111","cardFromCVV": "555","cardFromValidTill": "05/25","amount": {"currency": "RUR","value": 975994}}
INFO	2021-09-25 23:02:16,009	2	com.transfer.MoneyC2C.service.TransferService	[main]	Operation confirmed {operationId=Repository result}
INFO	2021-09-25 23:02:16,013	6	com.transfer.MoneyC2C.service.TransferService	[main]	Operation {"cardFromNumber": "1111222233334444","cardToNumber": "1111111111111111","cardFromCVV": "555","cardFromValidTill": "05/25","amount": {"currency": "RUR","value": 326724}}
INFO	2021-09-25 23:02:31,715	0	com.transfer.MoneyC2C.service.TransferService	[main]	Operation confirmed {operationId=Repository result}
INFO	2021-09-25 23:02:31,719	4	com.transfer.MoneyC2C.service.TransferService	[main]	Operation {"cardFromNumber": "1111222233334444","cardToNumber": "1111111111111111","cardFromCVV": "555","cardFromValidTill": "05/25","amount": {"currency": "RUR","value": 26059}}
INFO	2021-09-25 23:02:31,722	7	com.transfer.MoneyC2C.service.TransferService	[main]	Operation {"cardFromNumber": "1111222233334444","cardToNumber": "1111111111111111","cardFromCVV": "555","cardFromValidTill": "05/25","amount": {"currency": "RUR","value": 7142}}
INFO	2021-09-25 23:15:57,442	0	com.transfer.MoneyC2C.service.TransferService	[main]	Operation confirmed {operationId=Repository result}
INFO	2021-09-25 23:15:57,448	6	com.transfer.MoneyC2C.service.TransferService	[main]	Operation {"cardFromNumber": "1111222233334444","cardToNumber": "1111111111111111","cardFromCVV": "555","cardFromValidTill": "05/25","amount": {"currency": "RUR","value": 89698}}
INFO	2021-09-25 23:15:57,453	11	com.transfer.MoneyC2C.service.TransferService	[main]	Operation {"cardFromNumber": "1111222233334444","cardToNumber": "1111111111111111","cardFromCVV": "555","cardFromValidTill": "05/25","amount": {"currency": "RUR","value": 946133}}
INFO	2021-09-25 23:42:58,303	0	com.transfer.MoneyC2C.service.TransferService	[main]	Operation confirmed {operationId=Repository result}
INFO	2021-09-25 23:42:58,308	5	com.transfer.MoneyC2C.service.TransferService	[main]	Operation {"cardFromNumber": "1111222233334444","cardToNumber": "1111111111111111","cardFromCVV": "555","cardFromValidTill": "05/25","amount": {"currency": "RUR","value": 849148}}
INFO	2021-09-25 23:42:58,312	9	com.transfer.MoneyC2C.service.TransferService	[main]	Operation {"cardFromNumber": "1111222233334444","cardToNumber": "1111111111111111","cardFromCVV": "555","cardFromValidTill": "05/25","amount": {"currency": "RUR","value": 835708}}
INFO	2021-09-25 23:46:27,552	0	com.transfer.MoneyC2C.service.TransferService	[main]	Operation confirmed {operationId=Repository result}
INFO	2021-09-25 23:46:27,558	6	com.transfer.MoneyC2C.service.TransferService	[main]	Operation {"cardFromNumber": "1111222233334444","cardToNumber": "1111111111111111","cardFromCVV": "555","cardFromValidTill": "05/25","amount": {"currency": "RUR","value": 235764}}
INFO	2021-09-25 23:46:27,563	11	com.transfer.MoneyC2C.service.TransferService	[main]	Operation {"cardFromNumber": "1111222233334444","cardToNumber": "1111111111111111","cardFromCVV": "555","cardFromValidTill": "05/25","amount": {"currency": "RUR","value": 535955}}
INFO	2021-09-25 23:47:01,440	0	com.transfer.MoneyC2C.service.TransferService	[main]	Operation confirmed {operationId=Repository result}
INFO	2021-09-25 23:47:01,445	5	com.transfer.MoneyC2C.service.TransferService	[main]	Operation {"cardFromNumber": "1111222233334444","cardToNumber": "1111111111111111","cardFromCVV": "555","cardFromValidTill": "05/25","amount": {"currency": "RUR","value": 23378}}
INFO	2021-09-25 23:47:01,449	9	com.transfer.MoneyC2C.service.TransferService	[main]	Operation {"cardFromNumber": "1111222233334444","cardToNumber": "1111111111111111","cardFromCVV": "555","cardFromValidTill": "05/25","amount": {"currency": "RUR","value": 340726}}
INFO	2021-09-25 23:47:25,038	0	com.transfer.MoneyC2C.service.TransferService	[main]	Operation confirmed {operationId=Repository result}
INFO	2021-09-25 23:47:25,044	6	com.transfer.MoneyC2C.service.TransferService	[main]	Operation {"cardFromNumber": "1111222233334444","cardToNumber": "1111111111111111","cardFromCVV": "555","cardFromValidTill": "05/25","amount": {"currency": "RUR","value": 266778}}
INFO	2021-09-25 23:47:25,049	11	com.transfer.MoneyC2C.service.TransferService	[main]	Operation {"cardFromNumber": "1111222233334444","cardToNumber": "1111111111111111","cardFromCVV": "555","cardFromValidTill": "05/25","amount": {"currency": "RUR","value": 91591}}
INFO	2021-09-26 00:14:35,638	0	com.transfer.MoneyC2C.service.TransferService	[main]	Operation confirmed {operationId=Repository result}
INFO	2021-09-26 00:14:35,644	6	com.transfer.MoneyC2C.service.TransferService	[main]	Operation {"cardFromNumber": "1111222233334444","cardToNumber": "1111111111111111","cardFromCVV": "555","cardFromValidTill": "05/25","amount": {"currency": "RUR","value": 967693}}
INFO	2021-09-26 00:14:35,649	11	com.transfer.MoneyC2C.service.TransferService	[main]	Operation {"cardFromNumber": "1111222233334444","cardToNumber": "1111111111111111","cardFromCVV": "555","cardFromValidTill": "05/25","amount": {"currency": "RUR","value": 881850}}
INFO	2021-09-26 00:14:53,903	0	com.transfer.MoneyC2C.service.TransferService	[main]	Operation confirmed {operationId=Repository result}
INFO	2021-09-26 00:14:53,906	3	com.transfer.MoneyC2C.service.TransferService	[main]	Operation {"cardFromNumber": "1111222233334444","cardToNumber": "1111111111111111","cardFromCVV": "555","cardFromValidTill": "05/25","amount": {"currency": "RUR","value": 980615}}
INFO	2021-09-26 00:14:53,909	6	com.transfer.MoneyC2C.service.TransferService	[main]	Operation {"cardFromNumber": "1111222233334444","cardToNumber": "1111111111111111","cardFromCVV": "555","cardFromValidTill": "05/25","amount": {"currency": "RUR","value": 225667}}
INFO	2021-09-26 01:01:59,652	0	com.transfer.MoneyC2C.service.TransferService	[main]	Operation confirmed {operationId=Repository result}
INFO	2021-09-26 01:01:59,657	5	com.transfer.MoneyC2C.service.TransferService	[main]	Operation {"cardFromNumber": "1111222233334444","cardToNumber": "1111111111111111","cardFromCVV": "555","cardFromValidTill": "05/25","amount": {"currency": "RUR","value": 629124}}
INFO	2021-09-26 01:01:59,660	8	com.transfer.MoneyC2C.service.TransferService	[main]	Operation {"cardFromNumber": "1111222233334444","cardToNumber": "1111111111111111","cardFromCVV": "555","cardFromValidTill": "05/25","amount": {"currency": "RUR","value": 380506}}
INFO	2021-09-26 01:02:33,668	0	com.transfer.MoneyC2C.service.TransferService	[main]	Operation confirmed {operationId=Repository result}
INFO	2021-09-26 01:02:33,672	4	com.transfer.MoneyC2C.service.TransferService	[main]	Operation {"cardFromNumber": "1111222233334444","cardToNumber": "1111111111111111","cardFromCVV": "555","cardFromValidTill": "05/25","amount": {"currency": "RUR","value": 765770}}
INFO	2021-09-26 01:02:33,676	8	com.transfer.MoneyC2C.service.TransferService	[main]	Operation {"cardFromNumber": "1111222233334444","cardToNumber": "1111111111111111","cardFromCVV": "555","cardFromValidTill": "05/25","amount": {"currency": "RUR","value": 306492}}
INFO	2021-10-04 18:53:00,986	0	com.transfer.MoneyC2C.service.TransferService	[main]	Operation confirmed {operationId=Repository result}
INFO	2021-10-04 18:53:00,992	6	com.transfer.MoneyC2C.service.TransferService	[main]	Operation {"cardFromNumber": "1111222233334444","cardToNumber": "1111111111111111","cardFromCVV": "555","cardFromValidTill": "05/25","amount": {"currency": "null","value": 720342}}
INFO	2021-10-04 18:53:00,996	10	com.transfer.MoneyC2C.service.TransferService	[main]	Operation {"cardFromNumber": "1111222233334444","cardToNumber": "1111111111111111","cardFromCVV": "555","cardFromValidTill": "05/25","amount": {"currency": "null","value": 772421}}
INFO	2021-10-04 18:53:33,240	1	com.transfer.MoneyC2C.service.TransferService	[main]	Operation confirmed {operationId=Repository result}
INFO	2021-10-04 18:53:33,244	5	com.transfer.MoneyC2C.service.TransferService	[main]	Operation {"cardFromNumber": "1111222233334444","cardToNumber": "1111111111111111","cardFromCVV": "555","cardFromValidTill": "05/25","amount": {"currency": "null","value": 594711}}
INFO	2021-10-04 18:53:33,248	9	com.transfer.MoneyC2C.service.TransferService	[main]	Operation {"cardFromNumber": "1111222233334444","cardToNumber": "1111111111111111","cardFromCVV": "555","cardFromValidTill": "05/25","amount": {"currency": "null","value": 19225}}
INFO	2021-10-04 18:54:25,405	0	com.transfer.MoneyC2C.service.TransferService	[main]	Operation confirmed {operationId=Repository result}
INFO	2021-10-04 18:54:25,409	4	com.transfer.MoneyC2C.service.TransferService	[main]	Operation {"cardFromNumber": "1111222233334444","cardToNumber": "1111111111111111","cardFromCVV": "555","cardFromValidTill": "05/25","amount": {"currency": "null","value": 281427}}
INFO	2021-10-04 18:54:25,413	8	com.transfer.MoneyC2C.service.TransferService	[main]	Operation {"cardFromNumber": "1111222233334444","cardToNumber": "1111111111111111","cardFromCVV": "555","cardFromValidTill": "05/25","amount": {"currency": "null","value": 928608}}
INFO	2021-10-04 18:54:47,804	0	com.transfer.MoneyC2C.service.TransferService	[main]	Operation confirmed {operationId=Repository result}
INFO	2021-10-04 18:54:47,808	4	com.transfer.MoneyC2C.service.TransferService	[main]	Operation {"cardFromNumber": "1111222233334444","cardToNumber": "1111111111111111","cardFromCVV": "555","cardFromValidTill": "05/25","amount": {"currency": "null","value": 424907}}
INFO	2021-10-04 18:54:47,812	8	com.transfer.MoneyC2C.service.TransferService	[main]	Operation {"cardFromNumber": "1111222233334444","cardToNumber": "1111111111111111","cardFromCVV": "555","cardFromValidTill": "05/25","amount": {"currency": "null","value": 213162}}
INFO	2021-10-04 18:54:59,360	0	com.transfer.MoneyC2C.service.TransferService	[main]	Operation confirmed {operationId=Repository result}
INFO	2021-10-04 18:54:59,365	5	com.transfer.MoneyC2C.service.TransferService	[main]	Operation {"cardFromNumber": "1111222233334444","cardToNumber": "1111111111111111","cardFromCVV": "555","cardFromValidTill": "05/25","amount": {"currency": "null","value": 913740}}
INFO	2021-10-04 18:54:59,369	9	com.transfer.MoneyC2C.service.TransferService	[main]	Operation {"cardFromNumber": "1111222233334444","cardToNumber": "1111111111111111","cardFromCVV": "555","cardFromValidTill": "05/25","amount": {"currency": "null","value": 923011}}
INFO	2021-10-04 19:03:41,148	0	com.transfer.MoneyC2C.service.TransferService	[main]	Operation confirmed {operationId=Repository result}
INFO	2021-10-04 19:03:41,154	6	com.transfer.MoneyC2C.service.TransferService	[main]	Operation {"cardFromNumber": "1111222233334444","cardToNumber": "1111111111111111","cardFromCVV": "555","cardFromValidTill": "05/25","amount": {"currency": "null","value": 555294}}
INFO	2021-10-04 19:03:41,157	9	com.transfer.MoneyC2C.service.TransferService	[main]	Operation {"cardFromNumber": "1111222233334444","cardToNumber": "1111111111111111","cardFromCVV": "555","cardFromValidTill": "05/25","amount": {"currency": "null","value": 729363}}
INFO	2021-10-04 19:14:40,635	0	com.transfer.MoneyC2C.service.TransferService	[main]	Operation confirmed {operationId=Repository result}
INFO	2021-10-04 19:14:40,640	5	com.transfer.MoneyC2C.service.TransferService	[main]	Operation {"cardFromNumber": "1111222233334444","cardToNumber": "1111111111111111","cardFromCVV": "555","cardFromValidTill": "05/25","amount": {"currency": "null","value": 590923}}
INFO	2021-10-04 19:14:40,645	10	com.transfer.MoneyC2C.service.TransferService	[main]	Operation {"cardFromNumber": "1111222233334444","cardToNumber": "1111111111111111","cardFromCVV": "555","cardFromValidTill": "05/25","amount": {"currency": "null","value": 183959}}
INFO	2021-10-04 19:16:42,598	0	com.transfer.MoneyC2C.service.TransferService	[main]	Operation confirmed {operationId=Repository result}
INFO	2021-10-04 19:16:42,605	7	com.transfer.MoneyC2C.service.TransferService	[main]	Operation {"cardFromNumber": "1111222233334444","cardToNumber": "1111111111111111","cardFromCVV": "555","cardFromValidTill": "05/25","amount": {"currency": "null","value": 257419}}
INFO	2021-10-04 19:16:42,610	12	com.transfer.MoneyC2C.service.TransferService	[main]	Operation {"cardFromNumber": "1111222233334444","cardToNumber": "1111111111111111","cardFromCVV": "555","cardFromValidTill": "05/25","amount": {"currency": "null","value": 95388}}
INFO	2021-10-04 19:19:13,414	0	com.transfer.MoneyC2C.service.TransferService	[main]	Operation confirmed {operationId=Repository result}
INFO	2021-10-04 19:19:13,418	4	com.transfer.MoneyC2C.service.TransferService	[main]	Operation {"cardFromNumber": "1111222233334444","cardToNumber": "1111111111111111","cardFromCVV": "555","cardFromValidTill": "05/25","amount": {"currency": "null","value": 817151}}
INFO	2021-10-04 19:19:13,423	9	com.transfer.MoneyC2C.service.TransferService	[main]	Operation {"cardFromNumber": "1111222233334444","cardToNumber": "1111111111111111","cardFromCVV": "555","cardFromValidTill": "05/25","amount": {"currency": "null","value": 180540}}
INFO	2021-10-04 20:20:18,731	0	com.transfer.MoneyC2C.service.TransferService	[main]	Operation confirmed {operationId=Repository result}
INFO	2021-10-04 20:20:18,736	5	com.transfer.MoneyC2C.service.TransferService	[main]	Operation {"cardFromNumber": "1111222233334444","cardToNumber": "1111111111111111","cardFromCVV": "555","cardFromValidTill": "05/25","amount": {"currency": "null","value": 688328}}
INFO	2021-10-04 20:20:18,740	9	com.transfer.MoneyC2C.service.TransferService	[main]	Operation {"cardFromNumber": "1111222233334444","cardToNumber": "1111111111111111","cardFromCVV": "555","cardFromValidTill": "05/25","amount": {"currency": "null","value": 776950}}
INFO	2021-10-04 20:43:18,290	0	com.transfer.MoneyC2C.service.TransferService	[main]	Operation {"cardFromNumber": "1111222233334444","cardToNumber": "1111111111111111","cardFromCVV": "555","cardFromValidTill": "05/25","amount": {"currency": "null","value": 160588}}
INFO	2021-10-04 20:43:52,641	0	com.transfer.MoneyC2C.service.TransferService	[main]	Operation {"cardFromNumber": "1111222233334444","cardToNumber": "1111111111111111","cardFromCVV": "555","cardFromValidTill": "05/25","amount": {"currency": "null","value": 852977}}
INFO	2021-10-04 20:46:03,861	0	com.transfer.MoneyC2C.service.TransferService	[main]	Operation {"cardFromNumber": "1111222233334444","cardToNumber": "1111111111111111","cardFromCVV": "555","cardFromValidTill": "05/25","amount": {"currency": "RUR","value": 594728}}
INFO	2021-10-04 20:46:41,681	0	com.transfer.MoneyC2C.service.TransferService	[main]	Operation {"cardFromNumber": "1111222233334444","cardToNumber": "1111111111111111","cardFromCVV": "555","cardFromValidTill": "05/25","amount": {"currency": "RUR","value": 815386}}
INFO	2021-10-04 20:47:22,727	0	com.transfer.MoneyC2C.service.TransferService	[main]	Operation {"cardFromNumber": "1111222233334444","cardToNumber": "1111111111111111","cardFromCVV": "555","cardFromValidTill": "05/25","amount": {"currency": "RUR","value": 377005}}
INFO	2021-10-04 20:51:09,411	0	com.transfer.MoneyC2C.service.TransferService	[main]	Operation confirmed {operationId=1}
INFO	2021-10-04 20:58:45,713	0	com.transfer.MoneyC2C.service.TransferService	[main]	Operation confirmed {operationId=Repository result}
INFO	2021-10-04 20:58:45,719	6	com.transfer.MoneyC2C.service.TransferService	[main]	Operation {"cardFromNumber": "1111222233334444","cardToNumber": "1111111111111111","cardFromCVV": "555","cardFromValidTill": "05/25","amount": {"currency": "RUR","value": 896844}}
INFO	2021-10-04 20:58:45,724	11	com.transfer.MoneyC2C.service.TransferService	[main]	Operation {"cardFromNumber": "1111222233334444","cardToNumber": "1111111111111111","cardFromCVV": "555","cardFromValidTill": "05/25","amount": {"currency": "RUR","value": 806165}}
INFO	2021-10-04 21:03:53,314	0	com.transfer.MoneyC2C.service.TransferService	[main]	Operation confirmed {operationId=1}
INFO	2021-10-04 21:03:53,391	77	com.transfer.MoneyC2C.service.TransferService	[main]	Operation {"cardFromNumber": "1111222233334444","cardToNumber": "1111111111111111","cardFromCVV": "555","cardFromValidTill": "05/25","amount": {"currency": "RUR","value": 308468}}
INFO	2021-10-04 21:04:17,417	0	com.transfer.MoneyC2C.service.TransferService	[main]	Operation confirmed {operationId=1}
INFO	2021-10-04 21:04:33,434	0	com.transfer.MoneyC2C.service.TransferService	[main]	Operation confirmed {operationId=1}
INFO	2021-10-04 21:04:33,449	15	com.transfer.MoneyC2C.service.TransferService	[main]	Operation {"cardFromNumber": "1111222233334444","cardToNumber": "1111111111111111","cardFromCVV": "555","cardFromValidTill": "05/25","amount": {"currency": "RUR","value": 483155}}
INFO	2021-10-10 12:59:33,941	0	com.transfer.MoneyC2C.service.TransferService	[http-nio-5500-exec-2]	Operation {"cardFromNumber": "1111222233334444","cardToNumber": "1111111111111111","cardFromCVV": "555","cardFromValidTill": "05/25","amount": {"currency": "RUR","value": 500000}}
INFO	2021-10-10 12:59:33,965	24	com.transfer.MoneyC2C.service.TransferService	[http-nio-5500-exec-4]	Operation confirmed {operationId=1}
INFO	2021-10-10 13:10:18,552	0	com.transfer.MoneyC2C.service.TransferService	[main]	Operation confirmed {operationId=23}
INFO	2021-10-10 13:10:18,562	10	com.transfer.MoneyC2C.service.TransferService	[main]	Operation {"cardFromNumber": "1111222233334444","cardToNumber": "1111111111111111","cardFromCVV": "555","cardFromValidTill": "05/25","amount": {"currency": "RUR","value": 796899}}
INFO	2021-10-10 13:10:18,622	70	com.transfer.MoneyC2C.service.TransferService	[main]	Operation confirmed {operationId=Repository result}
INFO	2021-10-10 13:10:18,625	73	com.transfer.MoneyC2C.service.TransferService	[main]	Operation {"cardFromNumber": "1111222233334444","cardToNumber": "1111111111111111","cardFromCVV": "555","cardFromValidTill": "05/25","amount": {"currency": "RUR","value": 604241}}
INFO	2021-10-10 13:10:18,628	76	com.transfer.MoneyC2C.service.TransferService	[main]	Operation {"cardFromNumber": "1111222233334444","cardToNumber": "1111111111111111","cardFromCVV": "555","cardFromValidTill": "05/25","amount": {"currency": "RUR","value": 277408}}
INFO	2021-10-10 13:10:20,607	2055	com.transfer.MoneyC2C.service.TransferService	[main]	Operation confirmed {operationId=Repository result}
INFO	2021-10-10 13:10:20,609	2057	com.transfer.MoneyC2C.service.TransferService	[main]	Operation {"cardFromNumber": "1111222233334444","cardToNumber": "1111111111111111","cardFromCVV": "555","cardFromValidTill": "05/25","amount": {"currency": "RUR","value": 489277}}
INFO	2021-10-10 13:10:20,611	2059	com.transfer.MoneyC2C.service.TransferService	[main]	Operation {"cardFromNumber": "1111222233334444","cardToNumber": "1111111111111111","cardFromCVV": "555","cardFromValidTill": "05/25","amount": {"currency": "RUR","value": 544553}}
INFO	2021-10-10 13:13:08,632	0	com.transfer.MoneyC2C.service.TransferService	[main]	Operation confirmed {operationId=23}
INFO	2021-10-10 13:13:08,641	9	com.transfer.MoneyC2C.service.TransferService	[main]	Operation {"cardFromNumber": "1111222233334444","cardToNumber": "1111111111111111","cardFromCVV": "555","cardFromValidTill": "05/25","amount": {"currency": "RUR","value": 129888}}
INFO	2021-10-10 13:13:08,694	62	com.transfer.MoneyC2C.service.TransferService	[main]	Operation confirmed {operationId=Repository result}
INFO	2021-10-10 13:13:08,697	65	com.transfer.MoneyC2C.service.TransferService	[main]	Operation {"cardFromNumber": "1111222233334444","cardToNumber": "1111111111111111","cardFromCVV": "555","cardFromValidTill": "05/25","amount": {"currency": "RUR","value": 283116}}
INFO	2021-10-10 13:13:08,700	68	com.transfer.MoneyC2C.service.TransferService	[main]	Operation {"cardFromNumber": "1111222233334444","cardToNumber": "1111111111111111","cardFromCVV": "555","cardFromValidTill": "05/25","amount": {"currency": "RUR","value": 483800}}
INFO	2021-10-10 13:13:35,613	26981	com.transfer.MoneyC2C.service.TransferService	[main]	Operation confirmed {operationId=Repository result}
INFO	2021-10-10 13:13:35,615	26983	com.transfer.MoneyC2C.service.TransferService	[main]	Operation {"cardFromNumber": "1111222233334444","cardToNumber": "1111111111111111","cardFromCVV": "555","cardFromValidTill": "05/25","amount": {"currency": "RUR","value": 204607}}
INFO	2021-10-10 13:13:35,617	26985	com.transfer.MoneyC2C.service.TransferService	[main]	Operation {"cardFromNumber": "1111222233334444","cardToNumber": "1111111111111111","cardFromCVV": "555","cardFromValidTill": "05/25","amount": {"currency": "RUR","value": 119297}}
INFO	2021-10-10 13:17:06,035	0	com.transfer.MoneyC2C.service.TransferService	[main]	Operation confirmed {operationId=23}
INFO	2021-10-10 13:17:06,045	10	com.transfer.MoneyC2C.service.TransferService	[main]	Operation {"cardFromNumber": "1111222233334444","cardToNumber": "1111111111111111","cardFromCVV": "555","cardFromValidTill": "05/25","amount": {"currency": "RUR","value": 4290}}
INFO	2021-10-10 13:17:06,101	66	com.transfer.MoneyC2C.service.TransferService	[main]	Operation confirmed {operationId=Repository result}
INFO	2021-10-10 13:17:06,103	68	com.transfer.MoneyC2C.service.TransferService	[main]	Operation {"cardFromNumber": "1111222233334444","cardToNumber": "1111111111111111","cardFromCVV": "555","cardFromValidTill": "05/25","amount": {"currency": "RUR","value": 496223}}
INFO	2021-10-10 13:17:06,105	70	com.transfer.MoneyC2C.service.TransferService	[main]	Operation {"cardFromNumber": "1111222233334444","cardToNumber": "1111111111111111","cardFromCVV": "555","cardFromValidTill": "05/25","amount": {"currency": "RUR","value": 629864}}
INFO	2021-10-10 13:17:32,255	26220	com.transfer.MoneyC2C.service.TransferService	[main]	Operation confirmed {operationId=Repository result}
INFO	2021-10-10 13:17:32,260	26225	com.transfer.MoneyC2C.service.TransferService	[main]	Operation {"cardFromNumber": "1111222233334444","cardToNumber": "1111111111111111","cardFromCVV": "555","cardFromValidTill": "05/25","amount": {"currency": "RUR","value": 139107}}
INFO	2021-10-10 13:17:32,263	26228	com.transfer.MoneyC2C.service.TransferService	[main]	Operation {"cardFromNumber": "1111222233334444","cardToNumber": "1111111111111111","cardFromCVV": "555","cardFromValidTill": "05/25","amount": {"currency": "RUR","value": 19984}}
INFO	2021-10-10 13:18:39,399	0	com.transfer.MoneyC2C.service.TransferService	[main]	Operation confirmed {operationId=23}
INFO	2021-10-10 13:18:39,408	9	com.transfer.MoneyC2C.service.TransferService	[main]	Operation {"cardFromNumber": "1111222233334444","cardToNumber": "1111111111111111","cardFromCVV": "555","cardFromValidTill": "05/25","amount": {"currency": "RUR","value": 946535}}
INFO	2021-10-10 13:18:39,460	61	com.transfer.MoneyC2C.service.TransferService	[main]	Operation confirmed {operationId=Repository result}
INFO	2021-10-10 13:18:39,463	64	com.transfer.MoneyC2C.service.TransferService	[main]	Operation {"cardFromNumber": "1111222233334444","cardToNumber": "1111111111111111","cardFromCVV": "555","cardFromValidTill": "05/25","amount": {"currency": "RUR","value": 382311}}
INFO	2021-10-10 13:18:39,465	66	com.transfer.MoneyC2C.service.TransferService	[main]	Operation {"cardFromNumber": "1111222233334444","cardToNumber": "1111111111111111","cardFromCVV": "555","cardFromValidTill": "05/25","amount": {"currency": "RUR","value": 230617}}
INFO	2021-10-10 13:19:02,751	23352	com.transfer.MoneyC2C.service.TransferService	[main]	Operation confirmed {operationId=Repository result}
INFO	2021-10-10 13:19:02,753	23354	com.transfer.MoneyC2C.service.TransferService	[main]	Operation {"cardFromNumber": "1111222233334444","cardToNumber": "1111111111111111","cardFromCVV": "555","cardFromValidTill": "05/25","amount": {"currency": "RUR","value": 680096}}
INFO	2021-10-10 13:19:02,756	23357	com.transfer.MoneyC2C.service.TransferService	[main]	Operation {"cardFromNumber": "1111222233334444","cardToNumber": "1111111111111111","cardFromCVV": "555","cardFromValidTill": "05/25","amount": {"currency": "RUR","value": 111711}}
INFO	2021-10-10 16:12:33,075	0	com.transfer.MoneyC2C.service.TransferService	[main]	Operation confirmed {operationId=23}
INFO	2021-10-10 16:12:33,084	9	com.transfer.MoneyC2C.service.TransferService	[main]	Operation {"cardFromNumber": "1111222233334444","cardToNumber": "1111111111111111","cardFromCVV": "555","cardFromValidTill": "05/25","amount": {"currency": "RUR","value": 480832}}
INFO	2021-10-10 16:12:33,137	62	com.transfer.MoneyC2C.service.TransferService	[main]	Operation confirmed {operationId=Repository result}
INFO	2021-10-10 16:12:33,140	65	com.transfer.MoneyC2C.service.TransferService	[main]	Operation {"cardFromNumber": "1111222233334444","cardToNumber": "1111111111111111","cardFromCVV": "555","cardFromValidTill": "05/25","amount": {"currency": "RUR","value": 173188}}
INFO	2021-10-10 16:12:33,142	67	com.transfer.MoneyC2C.service.TransferService	[main]	Operation {"cardFromNumber": "1111222233334444","cardToNumber": "1111111111111111","cardFromCVV": "555","cardFromValidTill": "05/25","amount": {"currency": "RUR","value": 246628}}
INFO	2021-10-10 16:13:11,844	38769	com.transfer.MoneyC2C.service.TransferService	[main]	Operation confirmed {operationId=Repository result}
INFO	2021-10-10 16:13:11,849	38774	com.transfer.MoneyC2C.service.TransferService	[main]	Operation {"cardFromNumber": "1111222233334444","cardToNumber": "1111111111111111","cardFromCVV": "555","cardFromValidTill": "05/25","amount": {"currency": "RUR","value": 424242}}
INFO	2021-10-10 16:13:11,853	38778	com.transfer.MoneyC2C.service.TransferService	[main]	Operation {"cardFromNumber": "1111222233334444","cardToNumber": "1111111111111111","cardFromCVV": "555","cardFromValidTill": "05/25","amount": {"currency": "RUR","value": 194823}}
INFO	2021-10-10 16:14:08,738	0	com.transfer.MoneyC2C.service.TransferService	[main]	Operation confirmed {operationId=23}
INFO	2021-10-10 16:14:08,745	7	com.transfer.MoneyC2C.service.TransferService	[main]	Operation {"cardFromNumber": "1111222233334444","cardToNumber": "1111111111111111","cardFromCVV": "555","cardFromValidTill": "05/25","amount": {"currency": "RUR","value": 546429}}
INFO	2021-10-10 16:14:08,795	57	com.transfer.MoneyC2C.service.TransferService	[main]	Operation confirmed {operationId=Repository result}
INFO	2021-10-10 16:14:08,798	60	com.transfer.MoneyC2C.service.TransferService	[main]	Operation {"cardFromNumber": "1111222233334444","cardToNumber": "1111111111111111","cardFromCVV": "555","cardFromValidTill": "05/25","amount": {"currency": "RUR","value": 762050}}
INFO	2021-10-10 16:14:08,800	62	com.transfer.MoneyC2C.service.TransferService	[main]	Operation {"cardFromNumber": "1111222233334444","cardToNumber": "1111111111111111","cardFromCVV": "555","cardFromValidTill": "05/25","amount": {"currency": "RUR","value": 709158}}
INFO	2021-10-10 16:14:31,993	23255	com.transfer.MoneyC2C.service.TransferService	[main]	Operation confirmed {operationId=Repository result}
INFO	2021-10-10 16:14:31,999	23261	com.transfer.MoneyC2C.service.TransferService	[main]	Operation {"cardFromNumber": "1111222233334444","cardToNumber": "1111111111111111","cardFromCVV": "555","cardFromValidTill": "05/25","amount": {"currency": "RUR","value": 837473}}
INFO	2021-10-10 16:14:32,002	23264	com.transfer.MoneyC2C.service.TransferService	[main]	Operation {"cardFromNumber": "1111222233334444","cardToNumber": "1111111111111111","cardFromCVV": "555","cardFromValidTill": "05/25","amount": {"currency": "RUR","value": 917252}}
INFO	2021-10-10 16:21:31,402	0	com.transfer.MoneyC2C.service.TransferService	[main]	Operation confirmed {operationId=23}
INFO	2021-10-10 16:21:31,414	12	com.transfer.MoneyC2C.service.TransferService	[main]	Operation {"cardFromNumber": "1111222233334444","cardToNumber": "1111111111111111","cardFromCVV": "555","cardFromValidTill": "05/25","amount": {"currency": "RUR","value": 882024}}
INFO	2021-10-10 16:21:31,475	73	com.transfer.MoneyC2C.service.TransferService	[main]	Operation confirmed {operationId=Repository result}
INFO	2021-10-10 16:21:31,478	76	com.transfer.MoneyC2C.service.TransferService	[main]	Operation {"cardFromNumber": "1111222233334444","cardToNumber": "1111111111111111","cardFromCVV": "555","cardFromValidTill": "05/25","amount": {"currency": "RUR","value": 820443}}
INFO	2021-10-10 16:21:31,480	78	com.transfer.MoneyC2C.service.TransferService	[main]	Operation {"cardFromNumber": "1111222233334444","cardToNumber": "1111111111111111","cardFromCVV": "555","cardFromValidTill": "05/25","amount": {"currency": "RUR","value": 19964}}
INFO	2021-10-10 16:21:57,662	26260	com.transfer.MoneyC2C.service.TransferService	[main]	Operation confirmed {operationId=Repository result}
INFO	2021-10-10 16:21:57,665	26263	com.transfer.MoneyC2C.service.TransferService	[main]	Operation {"cardFromNumber": "1111222233334444","cardToNumber": "1111111111111111","cardFromCVV": "555","cardFromValidTill": "05/25","amount": {"currency": "RUR","value": 553581}}
INFO	2021-10-10 16:21:57,667	26265	com.transfer.MoneyC2C.service.TransferService	[main]	Operation {"cardFromNumber": "1111222233334444","cardToNumber": "1111111111111111","cardFromCVV": "555","cardFromValidTill": "05/25","amount": {"currency": "RUR","value": 470380}}
INFO	2021-10-10 16:24:41,902	0	com.transfer.MoneyC2C.service.TransferService	[main]	Operation confirmed {operationId=23}
INFO	2021-10-10 16:24:41,912	10	com.transfer.MoneyC2C.service.TransferService	[main]	Operation {"cardFromNumber": "1111222233334444","cardToNumber": "1111111111111111","cardFromCVV": "555","cardFromValidTill": "05/25","amount": {"currency": "RUR","value": 791524}}
INFO	2021-10-10 16:24:41,961	59	com.transfer.MoneyC2C.service.TransferService	[main]	Operation confirmed {operationId=Repository result}
INFO	2021-10-10 16:24:41,964	62	com.transfer.MoneyC2C.service.TransferService	[main]	Operation {"cardFromNumber": "1111222233334444","cardToNumber": "1111111111111111","cardFromCVV": "555","cardFromValidTill": "05/25","amount": {"currency": "RUR","value": 40214}}
INFO	2021-10-10 16:24:41,966	64	com.transfer.MoneyC2C.service.TransferService	[main]	Operation {"cardFromNumber": "1111222233334444","cardToNumber": "1111111111111111","cardFromCVV": "555","cardFromValidTill": "05/25","amount": {"currency": "RUR","value": 320557}}
INFO	2021-10-10 16:25:06,631	24729	com.transfer.MoneyC2C.service.TransferService	[main]	Operation confirmed {operationId=Repository result}
INFO	2021-10-10 16:25:06,633	24731	com.transfer.MoneyC2C.service.TransferService	[main]	Operation {"cardFromNumber": "1111222233334444","cardToNumber": "1111111111111111","cardFromCVV": "555","cardFromValidTill": "05/25","amount": {"currency": "RUR","value": 119282}}
INFO	2021-10-10 16:25:06,635	24733	com.transfer.MoneyC2C.service.TransferService	[main]	Operation {"cardFromNumber": "1111222233334444","cardToNumber": "1111111111111111","cardFromCVV": "555","cardFromValidTill": "05/25","amount": {"currency": "RUR","value": 222197}}
INFO	2021-10-10 16:25:55,137	0	com.transfer.MoneyC2C.service.TransferService	[main]	Operation confirmed {operationId=23}
INFO	2021-10-10 16:25:55,145	8	com.transfer.MoneyC2C.service.TransferService	[main]	Operation {"cardFromNumber": "1111222233334444","cardToNumber": "1111111111111111","cardFromCVV": "555","cardFromValidTill": "05/25","amount": {"currency": "RUR","value": 309025}}
INFO	2021-10-10 16:25:55,196	59	com.transfer.MoneyC2C.service.TransferService	[main]	Operation confirmed {operationId=Repository result}
INFO	2021-10-10 16:25:55,199	62	com.transfer.MoneyC2C.service.TransferService	[main]	Operation {"cardFromNumber": "1111222233334444","cardToNumber": "1111111111111111","cardFromCVV": "555","cardFromValidTill": "05/25","amount": {"currency": "RUR","value": 980518}}
INFO	2021-10-10 16:25:55,202	65	com.transfer.MoneyC2C.service.TransferService	[main]	Operation {"cardFromNumber": "1111222233334444","cardToNumber": "1111111111111111","cardFromCVV": "555","cardFromValidTill": "05/25","amount": {"currency": "RUR","value": 814836}}
INFO	2021-10-10 16:26:20,403	25266	com.transfer.MoneyC2C.service.TransferService	[main]	Operation confirmed {operationId=Repository result}
INFO	2021-10-10 16:26:20,406	25269	com.transfer.MoneyC2C.service.TransferService	[main]	Operation {"cardFromNumber": "1111222233334444","cardToNumber": "1111111111111111","cardFromCVV": "555","cardFromValidTill": "05/25","amount": {"currency": "RUR","value": 717730}}
INFO	2021-10-10 16:26:20,407	25270	com.transfer.MoneyC2C.service.TransferService	[main]	Operation {"cardFromNumber": "1111222233334444","cardToNumber": "1111111111111111","cardFromCVV": "555","cardFromValidTill": "05/25","amount": {"currency": "RUR","value": 289190}}
INFO	2021-10-10 16:45:16,478	0	com.transfer.MoneyC2C.service.TransferService	[main]	Operation confirmed {operationId=23}
INFO	2021-10-10 16:45:16,487	9	com.transfer.MoneyC2C.service.TransferService	[main]	Operation {"cardFromNumber": "1111222233334444","cardToNumber": "1111111111111111","cardFromCVV": "555","cardFromValidTill": "05/25","amount": {"currency": "RUR","value": 311016}}
INFO	2021-10-10 16:45:16,540	62	com.transfer.MoneyC2C.service.TransferService	[main]	Operation confirmed {operationId=Repository result}
INFO	2021-10-10 16:45:16,543	65	com.transfer.MoneyC2C.service.TransferService	[main]	Operation {"cardFromNumber": "1111222233334444","cardToNumber": "1111111111111111","cardFromCVV": "555","cardFromValidTill": "05/25","amount": {"currency": "RUR","value": 583806}}
INFO	2021-10-10 16:45:16,547	69	com.transfer.MoneyC2C.service.TransferService	[main]	Operation {"cardFromNumber": "1111222233334444","cardToNumber": "1111111111111111","cardFromCVV": "555","cardFromValidTill": "05/25","amount": {"currency": "RUR","value": 677820}}
INFO	2021-10-10 16:45:34,799	18321	com.transfer.MoneyC2C.service.TransferService	[main]	Operation confirmed {operationId=Repository result}
INFO	2021-10-10 16:45:34,801	18323	com.transfer.MoneyC2C.service.TransferService	[main]	Operation {"cardFromNumber": "1111222233334444","cardToNumber": "1111111111111111","cardFromCVV": "555","cardFromValidTill": "05/25","amount": {"currency": "RUR","value": 458116}}
INFO	2021-10-10 16:45:34,804	18326	com.transfer.MoneyC2C.service.TransferService	[main]	Operation {"cardFromNumber": "1111222233334444","cardToNumber": "1111111111111111","cardFromCVV": "555","cardFromValidTill": "05/25","amount": {"currency": "RUR","value": 698496}}
INFO	2021-10-10 16:46:43,464	0	com.transfer.MoneyC2C.service.TransferService	[main]	Operation confirmed {operationId=23}
INFO	2021-10-10 16:46:43,473	9	com.transfer.MoneyC2C.service.TransferService	[main]	Operation {"cardFromNumber": "1111222233334444","cardToNumber": "1111111111111111","cardFromCVV": "555","cardFromValidTill": "05/25","amount": {"currency": "RUR","value": 183407}}
INFO	2021-10-10 16:46:43,519	55	com.transfer.MoneyC2C.service.TransferService	[main]	Operation confirmed {operationId=Repository result}
INFO	2021-10-10 16:46:43,521	57	com.transfer.MoneyC2C.service.TransferService	[main]	Operation {"cardFromNumber": "1111222233334444","cardToNumber": "1111111111111111","cardFromCVV": "555","cardFromValidTill": "05/25","amount": {"currency": "RUR","value": 131861}}
INFO	2021-10-10 16:46:43,523	59	com.transfer.MoneyC2C.service.TransferService	[main]	Operation {"cardFromNumber": "1111222233334444","cardToNumber": "1111111111111111","cardFromCVV": "555","cardFromValidTill": "05/25","amount": {"currency": "RUR","value": 853332}}
INFO	2021-10-10 16:47:00,991	17527	com.transfer.MoneyC2C.service.TransferService	[main]	Operation confirmed {operationId=Repository result}
INFO	2021-10-10 16:47:00,993	17529	com.transfer.MoneyC2C.service.TransferService	[main]	Operation {"cardFromNumber": "1111222233334444","cardToNumber": "1111111111111111","cardFromCVV": "555","cardFromValidTill": "05/25","amount": {"currency": "RUR","value": 991760}}
INFO	2021-10-10 16:47:00,995	17531	com.transfer.MoneyC2C.service.TransferService	[main]	Operation {"cardFromNumber": "1111222233334444","cardToNumber": "1111111111111111","cardFromCVV": "555","cardFromValidTill": "05/25","amount": {"currency": "RUR","value": 563319}}
INFO	2021-10-10 16:51:12,693	0	com.transfer.MoneyC2C.service.TransferService	[main]	Operation confirmed {operationId=23}
INFO	2021-10-10 16:51:12,704	11	com.transfer.MoneyC2C.service.TransferService	[main]	Operation {"cardFromNumber": "1111222233334444","cardToNumber": "1111111111111111","cardFromCVV": "555","cardFromValidTill": "05/25","amount": {"currency": "RUR","value": 290721}}
INFO	2021-10-10 16:51:12,760	67	com.transfer.MoneyC2C.service.TransferService	[main]	Operation confirmed {operationId=Repository result}
INFO	2021-10-10 16:51:12,763	70	com.transfer.MoneyC2C.service.TransferService	[main]	Operation {"cardFromNumber": "1111222233334444","cardToNumber": "1111111111111111","cardFromCVV": "555","cardFromValidTill": "05/25","amount": {"currency": "RUR","value": 909292}}
INFO	2021-10-10 16:51:12,766	73	com.transfer.MoneyC2C.service.TransferService	[main]	Operation {"cardFromNumber": "1111222233334444","cardToNumber": "1111111111111111","cardFromCVV": "555","cardFromValidTill": "05/25","amount": {"currency": "RUR","value": 905038}}
INFO	2021-10-10 16:51:12,781	88	com.transfer.MoneyC2C.service.TransferService	[main]	Operation confirmed {operationId=Repository result}
INFO	2021-10-10 16:51:12,784	91	com.transfer.MoneyC2C.service.TransferService	[main]	Operation {"cardFromNumber": "1111222233334444","cardToNumber": "1111111111111111","cardFromCVV": "555","cardFromValidTill": "05/25","amount": {"currency": "RUR","value": 65092}}
INFO	2021-10-10 16:51:12,787	94	com.transfer.MoneyC2C.service.TransferService	[main]	Operation {"cardFromNumber": "1111222233334444","cardToNumber": "1111111111111111","cardFromCVV": "555","cardFromValidTill": "05/25","amount": {"currency": "RUR","value": 985615}}
INFO	2021-10-10 16:52:14,144	0	com.transfer.MoneyC2C.service.TransferService	[main]	Operation confirmed {operationId=23}
INFO	2021-10-10 16:52:14,152	8	com.transfer.MoneyC2C.service.TransferService	[main]	Operation {"cardFromNumber": "1111222233334444","cardToNumber": "1111111111111111","cardFromCVV": "555","cardFromValidTill": "05/25","amount": {"currency": "RUR","value": 317579}}
INFO	2021-10-10 16:52:14,208	64	com.transfer.MoneyC2C.service.TransferService	[main]	Operation confirmed {operationId=Repository result}
INFO	2021-10-10 16:52:14,211	67	com.transfer.MoneyC2C.service.TransferService	[main]	Operation {"cardFromNumber": "1111222233334444","cardToNumber": "1111111111111111","cardFromCVV": "555","cardFromValidTill": "05/25","amount": {"currency": "RUR","value": 197172}}
INFO	2021-10-10 16:52:14,213	69	com.transfer.MoneyC2C.service.TransferService	[main]	Operation {"cardFromNumber": "1111222233334444","cardToNumber": "1111111111111111","cardFromCVV": "555","cardFromValidTill": "05/25","amount": {"currency": "RUR","value": 365194}}
INFO	2021-10-10 16:52:51,137	36993	com.transfer.MoneyC2C.service.TransferService	[main]	Operation confirmed {operationId=Repository result}
INFO	2021-10-10 16:52:51,140	36996	com.transfer.MoneyC2C.service.TransferService	[main]	Operation {"cardFromNumber": "1111222233334444","cardToNumber": "1111111111111111","cardFromCVV": "555","cardFromValidTill": "05/25","amount": {"currency": "RUR","value": 195512}}
INFO	2021-10-10 16:52:51,142	36998	com.transfer.MoneyC2C.service.TransferService	[main]	Operation {"cardFromNumber": "1111222233334444","cardToNumber": "1111111111111111","cardFromCVV": "555","cardFromValidTill": "05/25","amount": {"currency": "RUR","value": 87768}}
INFO	2021-10-10 16:56:21,651	0	com.transfer.MoneyC2C.service.TransferService	[main]	Operation confirmed {operationId=23}
INFO	2021-10-10 16:56:21,660	9	com.transfer.MoneyC2C.service.TransferService	[main]	Operation {"cardFromNumber": "1111222233334444","cardToNumber": "1111111111111111","cardFromCVV": "555","cardFromValidTill": "05/25","amount": {"currency": "RUR","value": 676674}}
INFO	2021-10-10 16:56:21,707	56	com.transfer.MoneyC2C.service.TransferService	[main]	Operation confirmed {operationId=Repository result}
INFO	2021-10-10 16:56:21,709	58	com.transfer.MoneyC2C.service.TransferService	[main]	Operation {"cardFromNumber": "1111222233334444","cardToNumber": "1111111111111111","cardFromCVV": "555","cardFromValidTill": "05/25","amount": {"currency": "RUR","value": 96568}}
INFO	2021-10-10 16:56:21,711	60	com.transfer.MoneyC2C.service.TransferService	[main]	Operation {"cardFromNumber": "1111222233334444","cardToNumber": "1111111111111111","cardFromCVV": "555","cardFromValidTill": "05/25","amount": {"currency": "RUR","value": 619458}}
INFO	2021-10-10 16:56:58,481	36830	com.transfer.MoneyC2C.service.TransferService	[main]	Operation confirmed {operationId=Repository result}
INFO	2021-10-10 16:56:58,484	36833	com.transfer.MoneyC2C.service.TransferService	[main]	Operation {"cardFromNumber": "1111222233334444","cardToNumber": "1111111111111111","cardFromCVV": "555","cardFromValidTill": "05/25","amount": {"currency": "RUR","value": 676777}}
INFO	2021-10-10 16:56:58,486	36835	com.transfer.MoneyC2C.service.TransferService	[main]	Operation {"cardFromNumber": "1111222233334444","cardToNumber": "1111111111111111","cardFromCVV": "555","cardFromValidTill": "05/25","amount": {"currency": "RUR","value": 457374}}
INFO	2021-10-10 17:07:17,319	0	com.transfer.MoneyC2C.service.TransferService	[http-nio-5500-exec-3]	Operation {"cardFromNumber": "1111222233334444","cardToNumber": "2222222222222222","cardFromCVV": "555","cardFromValidTill": "05/25","amount": {"currency": "RUR","value": 300000}}
INFO	2021-10-10 17:07:17,338	19	com.transfer.MoneyC2C.service.TransferService	[http-nio-5500-exec-5]	Operation confirmed {operationId=1}
INFO	2021-10-10 17:13:31,791	0	com.transfer.MoneyC2C.service.TransferService	[main]	Operation confirmed {operationId=23}
INFO	2021-10-10 17:13:31,800	9	com.transfer.MoneyC2C.service.TransferService	[main]	Operation {"cardFromNumber": "1111222233334444","cardToNumber": "1111111111111111","cardFromCVV": "555","cardFromValidTill": "05/25","amount": {"currency": "RUR","value": 136842}}
INFO	2021-10-10 17:13:31,851	60	com.transfer.MoneyC2C.service.TransferService	[main]	Operation confirmed {operationId=Repository result}
INFO	2021-10-10 17:13:31,855	64	com.transfer.MoneyC2C.service.TransferService	[main]	Operation {"cardFromNumber": "1111222233334444","cardToNumber": "1111111111111111","cardFromCVV": "555","cardFromValidTill": "05/25","amount": {"currency": "RUR","value": 616845}}
INFO	2021-10-10 17:13:31,861	70	com.transfer.MoneyC2C.service.TransferService	[main]	Operation {"cardFromNumber": "1111222233334444","cardToNumber": "1111111111111111","cardFromCVV": "555","cardFromValidTill": "05/25","amount": {"currency": "RUR","value": 406136}}
INFO	2021-10-10 17:14:09,178	37387	com.transfer.MoneyC2C.service.TransferService	[main]	Operation confirmed {operationId=Repository result}
INFO	2021-10-10 17:14:09,181	37390	com.transfer.MoneyC2C.service.TransferService	[main]	Operation {"cardFromNumber": "1111222233334444","cardToNumber": "1111111111111111","cardFromCVV": "555","cardFromValidTill": "05/25","amount": {"currency": "RUR","value": 707736}}
INFO	2021-10-10 17:14:09,182	37391	com.transfer.MoneyC2C.service.TransferService	[main]	Operation {"cardFromNumber": "1111222233334444","cardToNumber": "1111111111111111","cardFromCVV": "555","cardFromValidTill": "05/25","amount": {"currency": "RUR","value": 769008}}
INFO	2021-10-10 17:24:51,871	0	com.transfer.MoneyC2C.service.TransferService	[main]	Operation confirmed {operationId=23}
INFO	2021-10-10 17:24:51,882	11	com.transfer.MoneyC2C.service.TransferService	[main]	Operation {"cardFromNumber": "1111222233334444","cardToNumber": "1111111111111111","cardFromCVV": "555","cardFromValidTill": "05/25","amount": {"currency": "RUR","value": 928550}}
INFO	2021-10-10 17:24:51,933	62	com.transfer.MoneyC2C.service.TransferService	[main]	Operation confirmed {operationId=Repository result}
INFO	2021-10-10 17:24:51,935	64	com.transfer.MoneyC2C.service.TransferService	[main]	Operation {"cardFromNumber": "1111222233334444","cardToNumber": "1111111111111111","cardFromCVV": "555","cardFromValidTill": "05/25","amount": {"currency": "RUR","value": 478354}}
INFO	2021-10-10 17:24:51,937	66	com.transfer.MoneyC2C.service.TransferService	[main]	Operation {"cardFromNumber": "1111222233334444","cardToNumber": "1111111111111111","cardFromCVV": "555","cardFromValidTill": "05/25","amount": {"currency": "RUR","value": 562559}}
INFO	2021-10-10 17:25:28,123	36252	com.transfer.MoneyC2C.service.TransferService	[main]	Operation confirmed {operationId=Repository result}
INFO	2021-10-10 17:25:28,126	36255	com.transfer.MoneyC2C.service.TransferService	[main]	Operation {"cardFromNumber": "1111222233334444","cardToNumber": "1111111111111111","cardFromCVV": "555","cardFromValidTill": "05/25","amount": {"currency": "RUR","value": 621165}}
INFO	2021-10-10 17:25:28,129	36258	com.transfer.MoneyC2C.service.TransferService	[main]	Operation {"cardFromNumber": "1111222233334444","cardToNumber": "1111111111111111","cardFromCVV": "555","cardFromValidTill": "05/25","amount": {"currency": "RUR","value": 1587}}
INFO	2021-10-10 17:26:39,978	0	com.transfer.MoneyC2C.service.TransferService	[main]	Operation confirmed {operationId=23}
INFO	2021-10-10 17:26:39,987	9	com.transfer.MoneyC2C.service.TransferService	[main]	Operation {"cardFromNumber": "1111222233334444","cardToNumber": "1111111111111111","cardFromCVV": "555","cardFromValidTill": "05/25","amount": {"currency": "RUR","value": 461391}}
INFO	2021-10-10 17:26:40,037	59	com.transfer.MoneyC2C.service.TransferService	[main]	Operation confirmed {operationId=Repository result}
INFO	2021-10-10 17:26:40,039	61	com.transfer.MoneyC2C.service.TransferService	[main]	Operation {"cardFromNumber": "1111222233334444","cardToNumber": "1111111111111111","cardFromCVV": "555","cardFromValidTill": "05/25","amount": {"currency": "RUR","value": 466658}}
INFO	2021-10-10 17:26:40,041	63	com.transfer.MoneyC2C.service.TransferService	[main]	Operation {"cardFromNumber": "1111222233334444","cardToNumber": "1111111111111111","cardFromCVV": "555","cardFromValidTill": "05/25","amount": {"currency": "RUR","value": 699225}}
INFO	2021-10-10 17:27:17,627	37649	com.transfer.MoneyC2C.service.TransferService	[main]	Operation confirmed {operationId=Repository result}
INFO	2021-10-10 17:27:17,630	37652	com.transfer.MoneyC2C.service.TransferService	[main]	Operation {"cardFromNumber": "1111222233334444","cardToNumber": "1111111111111111","cardFromCVV": "555","cardFromValidTill": "05/25","amount": {"currency": "RUR","value": 994551}}
INFO	2021-10-10 17:27:17,633	37655	com.transfer.MoneyC2C.service.TransferService	[main]	Operation {"cardFromNumber": "1111222233334444","cardToNumber": "1111111111111111","cardFromCVV": "555","cardFromValidTill": "05/25","amount": {"currency": "RUR","value": 783443}}
INFO	2021-10-10 17:44:16,157	0	com.transfer.MoneyC2C.service.TransferService	[main]	Operation confirmed {operationId=23}
INFO	2021-10-10 17:44:16,167	10	com.transfer.MoneyC2C.service.TransferService	[main]	Operation {"cardFromNumber": "1111222233334444","cardToNumber": "1111111111111111","cardFromCVV": "555","cardFromValidTill": "05/25","amount": {"currency": "RUR","value": 207299}}
INFO	2021-10-10 17:44:16,223	66	com.transfer.MoneyC2C.service.TransferService	[main]	Operation confirmed {operationId=Repository result}
INFO	2021-10-10 17:44:16,225	68	com.transfer.MoneyC2C.service.TransferService	[main]	Operation {"cardFromNumber": "1111222233334444","cardToNumber": "1111111111111111","cardFromCVV": "555","cardFromValidTill": "05/25","amount": {"currency": "RUR","value": 761547}}
INFO	2021-10-10 17:44:16,227	70	com.transfer.MoneyC2C.service.TransferService	[main]	Operation {"cardFromNumber": "1111222233334444","cardToNumber": "1111111111111111","cardFromCVV": "555","cardFromValidTill": "05/25","amount": {"currency": "RUR","value": 133421}}
INFO	2021-10-10 17:44:59,015	42858	com.transfer.MoneyC2C.service.TransferService	[main]	Operation confirmed {operationId=Repository result}
INFO	2021-10-10 17:44:59,018	42861	com.transfer.MoneyC2C.service.TransferService	[main]	Operation {"cardFromNumber": "1111222233334444","cardToNumber": "1111111111111111","cardFromCVV": "555","cardFromValidTill": "05/25","amount": {"currency": "RUR","value": 822280}}
INFO	2021-10-10 17:44:59,021	42864	com.transfer.MoneyC2C.service.TransferService	[main]	Operation {"cardFromNumber": "1111222233334444","cardToNumber": "1111111111111111","cardFromCVV": "555","cardFromValidTill": "05/25","amount": {"currency": "RUR","value": 26105}}
INFO	2021-10-10 17:45:53,233	0	com.transfer.MoneyC2C.service.TransferService	[main]	Operation confirmed {operationId=23}
INFO	2021-10-10 17:45:53,244	11	com.transfer.MoneyC2C.service.TransferService	[main]	Operation {"cardFromNumber": "1111222233334444","cardToNumber": "1111111111111111","cardFromCVV": "555","cardFromValidTill": "05/25","amount": {"currency": "RUR","value": 517803}}
INFO	2021-10-10 17:45:53,302	69	com.transfer.MoneyC2C.service.TransferService	[main]	Operation confirmed {operationId=Repository result}
INFO	2021-10-10 17:45:53,305	72	com.transfer.MoneyC2C.service.TransferService	[main]	Operation {"cardFromNumber": "1111222233334444","cardToNumber": "1111111111111111","cardFromCVV": "555","cardFromValidTill": "05/25","amount": {"currency": "RUR","value": 488818}}
INFO	2021-10-10 17:45:53,307	74	com.transfer.MoneyC2C.service.TransferService	[main]	Operation {"cardFromNumber": "1111222233334444","cardToNumber": "1111111111111111","cardFromCVV": "555","cardFromValidTill": "05/25","amount": {"currency": "RUR","value": 633217}}
INFO	2021-10-10 17:45:53,322	89	com.transfer.MoneyC2C.service.TransferService	[main]	Operation confirmed {operationId=Repository result}
INFO	2021-10-10 17:45:53,324	91	com.transfer.MoneyC2C.service.TransferService	[main]	Operation {"cardFromNumber": "1111222233334444","cardToNumber": "1111111111111111","cardFromCVV": "555","cardFromValidTill": "05/25","amount": {"currency": "RUR","value": 979994}}
INFO	2021-10-10 17:45:53,326	93	com.transfer.MoneyC2C.service.TransferService	[main]	Operation {"cardFromNumber": "1111222233334444","cardToNumber": "1111111111111111","cardFromCVV": "555","cardFromValidTill": "05/25","amount": {"currency": "RUR","value": 333290}}
INFO	2021-10-10 17:49:34,010	0	com.transfer.MoneyC2C.service.TransferService	[main]	Operation confirmed {operationId=23}
INFO	2021-10-10 17:49:34,019	9	com.transfer.MoneyC2C.service.TransferService	[main]	Operation {"cardFromNumber": "1111222233334444","cardToNumber": "1111111111111111","cardFromCVV": "555","cardFromValidTill": "05/25","amount": {"currency": "RUR","value": 933347}}
INFO	2021-10-10 17:49:34,069	59	com.transfer.MoneyC2C.service.TransferService	[main]	Operation confirmed {operationId=Repository result}
INFO	2021-10-10 17:49:34,071	61	com.transfer.MoneyC2C.service.TransferService	[main]	Operation {"cardFromNumber": "1111222233334444","cardToNumber": "1111111111111111","cardFromCVV": "555","cardFromValidTill": "05/25","amount": {"currency": "RUR","value": 281959}}
INFO	2021-10-10 17:49:34,073	63	com.transfer.MoneyC2C.service.TransferService	[main]	Operation {"cardFromNumber": "1111222233334444","cardToNumber": "1111111111111111","cardFromCVV": "555","cardFromValidTill": "05/25","amount": {"currency": "RUR","value": 148322}}
INFO	2021-10-10 17:50:12,544	38534	com.transfer.MoneyC2C.service.TransferService	[main]	Operation confirmed {operationId=Repository result}
INFO	2021-10-10 17:50:12,548	38538	com.transfer.MoneyC2C.service.TransferService	[main]	Operation {"cardFromNumber": "1111222233334444","cardToNumber": "1111111111111111","cardFromCVV": "555","cardFromValidTill": "05/25","amount": {"currency": "RUR","value": 219252}}
INFO	2021-10-10 17:50:12,551	38541	com.transfer.MoneyC2C.service.TransferService	[main]	Operation {"cardFromNumber": "1111222233334444","cardToNumber": "1111111111111111","cardFromCVV": "555","cardFromValidTill": "05/25","amount": {"currency": "RUR","value": 399731}}
INFO	2021-10-10 18:00:13,459	0	com.transfer.MoneyC2C.service.TransferService	[main]	Operation confirmed {operationId=23}
INFO	2021-10-10 18:00:13,467	8	com.transfer.MoneyC2C.service.TransferService	[main]	Operation {"cardFromNumber": "1111222233334444","cardToNumber": "1111111111111111","cardFromCVV": "555","cardFromValidTill": "05/25","amount": {"currency": "RUR","value": 239935}}
INFO	2021-10-10 18:00:13,512	53	com.transfer.MoneyC2C.service.TransferService	[main]	Operation confirmed {operationId=Repository result}
INFO	2021-10-10 18:00:13,514	55	com.transfer.MoneyC2C.service.TransferService	[main]	Operation {"cardFromNumber": "1111222233334444","cardToNumber": "1111111111111111","cardFromCVV": "555","cardFromValidTill": "05/25","amount": {"currency": "RUR","value": 327262}}
INFO	2021-10-10 18:00:13,516	57	com.transfer.MoneyC2C.service.TransferService	[main]	Operation {"cardFromNumber": "1111222233334444","cardToNumber": "1111111111111111","cardFromCVV": "555","cardFromValidTill": "05/25","amount": {"currency": "RUR","value": 469029}}
INFO	2021-10-10 18:00:50,767	37308	com.transfer.MoneyC2C.service.TransferService	[main]	Operation confirmed {operationId=Repository result}
INFO	2021-10-10 18:00:50,770	37311	com.transfer.MoneyC2C.service.TransferService	[main]	Operation {"cardFromNumber": "1111222233334444","cardToNumber": "1111111111111111","cardFromCVV": "555","cardFromValidTill": "05/25","amount": {"currency": "RUR","value": 400398}}
INFO	2021-10-10 18:00:50,772	37313	com.transfer.MoneyC2C.service.TransferService	[main]	Operation {"cardFromNumber": "1111222233334444","cardToNumber": "1111111111111111","cardFromCVV": "555","cardFromValidTill": "05/25","amount": {"currency": "RUR","value": 882474}}
INFO	2021-10-10 18:04:45,026	0	com.transfer.MoneyC2C.service.TransferService	[main]	Operation confirmed {operationId=23}
INFO	2021-10-10 18:04:45,035	9	com.transfer.MoneyC2C.service.TransferService	[main]	Operation {"cardFromNumber": "1111222233334444","cardToNumber": "1111111111111111","cardFromCVV": "555","cardFromValidTill": "05/25","amount": {"currency": "RUR","value": 485831}}
INFO	2021-10-10 18:04:45,081	55	com.transfer.MoneyC2C.service.TransferService	[main]	Operation confirmed {operationId=Repository result}
INFO	2021-10-10 18:04:45,084	58	com.transfer.MoneyC2C.service.TransferService	[main]	Operation {"cardFromNumber": "1111222233334444","cardToNumber": "1111111111111111","cardFromCVV": "555","cardFromValidTill": "05/25","amount": {"currency": "RUR","value": 510339}}
INFO	2021-10-10 18:04:45,086	60	com.transfer.MoneyC2C.service.TransferService	[main]	Operation {"cardFromNumber": "1111222233334444","cardToNumber": "1111111111111111","cardFromCVV": "555","cardFromValidTill": "05/25","amount": {"currency": "RUR","value": 249466}}
INFO	2021-10-10 18:05:21,921	36895	com.transfer.MoneyC2C.service.TransferService	[main]	Operation confirmed {operationId=Repository result}
INFO	2021-10-10 18:05:21,924	36898	com.transfer.MoneyC2C.service.TransferService	[main]	Operation {"cardFromNumber": "1111222233334444","cardToNumber": "1111111111111111","cardFromCVV": "555","cardFromValidTill": "05/25","amount": {"currency": "RUR","value": 349169}}
INFO	2021-10-10 18:05:21,927	36901	com.transfer.MoneyC2C.service.TransferService	[main]	Operation {"cardFromNumber": "1111222233334444","cardToNumber": "1111111111111111","cardFromCVV": "555","cardFromValidTill": "05/25","amount": {"currency": "RUR","value": 362261}}
